

Started GET "/assets/rails.png" for 127.0.0.1 at 2013-01-06 11:52:43 -0800
Connecting to database specified by database.yml
Served asset /rails.png - 200 OK (7ms)


Started GET "/assets/rails.png" for 127.0.0.1 at 2013-01-07 10:59:42 -0800
Connecting to database specified by database.yml
Served asset /rails.png - 304 Not Modified (2ms)


Started GET "/pages/home" for 127.0.0.1 at 2013-01-07 11:04:54 -0800
Processing by PagesController#home as HTML
  Rendered pages/home.html.erb within layouts/application (2.9ms)
Compiled pages.css  (13ms)  (pid 22682)
Compiled application.css  (20ms)  (pid 22682)
Compiled jquery.js  (2ms)  (pid 22682)
Compiled jquery_ujs.js  (0ms)  (pid 22682)
Compiled pages.js  (93ms)  (pid 22682)
Compiled application.js  (185ms)  (pid 22682)
Completed 200 OK in 294ms (Views: 293.3ms | ActiveRecord: 0.0ms)


Started GET "/assets/application.css?body=1" for 127.0.0.1 at 2013-01-07 11:04:54 -0800
Served asset /application.css - 200 OK (3ms)


Started GET "/assets/pages.css?body=1" for 127.0.0.1 at 2013-01-07 11:04:54 -0800
Served asset /pages.css - 200 OK (4ms)


Started GET "/assets/jquery.js?body=1" for 127.0.0.1 at 2013-01-07 11:04:54 -0800
Served asset /jquery.js - 200 OK (1ms)


Started GET "/assets/pages.js?body=1" for 127.0.0.1 at 2013-01-07 11:04:54 -0800
Served asset /pages.js - 200 OK (1ms)


Started GET "/assets/application.js?body=1" for 127.0.0.1 at 2013-01-07 11:04:54 -0800
Served asset /application.js - 200 OK (6ms)


Started GET "/assets/jquery_ujs.js?body=1" for 127.0.0.1 at 2013-01-07 11:04:54 -0800
Served asset /jquery_ujs.js - 200 OK (2ms)


Started GET "/pages/contact" for 127.0.0.1 at 2013-01-07 11:05:05 -0800
Processing by PagesController#contact as HTML
  Rendered pages/contact.html.erb within layouts/application (0.3ms)
Completed 200 OK in 5ms (Views: 5.0ms | ActiveRecord: 0.0ms)


Started GET "/assets/jquery_ujs.js?body=1" for 127.0.0.1 at 2013-01-07 11:05:05 -0800
Served asset /jquery_ujs.js - 304 Not Modified (0ms)


Started GET "/assets/application.js?body=1" for 127.0.0.1 at 2013-01-07 11:05:05 -0800
Served asset /application.js - 304 Not Modified (0ms)


Started GET "/assets/jquery.js?body=1" for 127.0.0.1 at 2013-01-07 11:05:05 -0800
Served asset /jquery.js - 304 Not Modified (0ms)


Started GET "/assets/application.css?body=1" for 127.0.0.1 at 2013-01-07 11:05:05 -0800
Served asset /application.css - 304 Not Modified (0ms)


Started GET "/assets/pages.js?body=1" for 127.0.0.1 at 2013-01-07 11:05:05 -0800
Served asset /pages.js - 304 Not Modified (0ms)


Started GET "/assets/pages.css?body=1" for 127.0.0.1 at 2013-01-07 11:05:05 -0800
Served asset /pages.css - 304 Not Modified (0ms)


Started GET "/pages/about" for 127.0.0.1 at 2013-01-07 14:15:04 -0800
Connecting to database specified by database.yml
Processing by PagesController#about as HTML
  Rendered pages/about.html.erb within layouts/application (2.4ms)
Completed 200 OK in 34ms (Views: 33.0ms | ActiveRecord: 0.0ms)


Started GET "/assets/application.css?body=1" for 127.0.0.1 at 2013-01-07 14:15:04 -0800
Served asset /application.css - 304 Not Modified (3ms)


Started GET "/assets/pages.css?body=1" for 127.0.0.1 at 2013-01-07 14:15:04 -0800
Served asset /pages.css - 304 Not Modified (4ms)


Started GET "/assets/jquery_ujs.js?body=1" for 127.0.0.1 at 2013-01-07 14:15:04 -0800
Served asset /jquery_ujs.js - 304 Not Modified (4ms)


Started GET "/assets/jquery.js?body=1" for 127.0.0.1 at 2013-01-07 14:15:04 -0800
Served asset /jquery.js - 304 Not Modified (4ms)


Started GET "/assets/application.js?body=1" for 127.0.0.1 at 2013-01-07 14:15:04 -0800
Served asset /application.js - 304 Not Modified (7ms)


Started GET "/assets/pages.js?body=1" for 127.0.0.1 at 2013-01-07 14:15:04 -0800
Served asset /pages.js - 304 Not Modified (2ms)


Started GET "/pages/home" for 127.0.0.1 at 2013-01-07 15:55:15 -0800
Processing by PagesController#home as HTML
  Rendered pages/home.html.erb within layouts/application (12.4ms)
Completed 200 OK in 114ms (Views: 84.6ms | ActiveRecord: 0.0ms)


Started GET "/assets/application.css?body=1" for 127.0.0.1 at 2013-01-07 15:55:16 -0800
Served asset /application.css - 304 Not Modified (1ms)


Started GET "/assets/pages.css?body=1" for 127.0.0.1 at 2013-01-07 15:55:16 -0800
Served asset /pages.css - 304 Not Modified (1ms)


Started GET "/assets/jquery.js?body=1" for 127.0.0.1 at 2013-01-07 15:55:16 -0800
Served asset /jquery.js - 304 Not Modified (0ms)


Started GET "/assets/jquery_ujs.js?body=1" for 127.0.0.1 at 2013-01-07 15:55:16 -0800
Served asset /jquery_ujs.js - 304 Not Modified (0ms)


Started GET "/assets/application.js?body=1" for 127.0.0.1 at 2013-01-07 15:55:16 -0800
Served asset /application.js - 304 Not Modified (0ms)


Started GET "/assets/pages.js?body=1" for 127.0.0.1 at 2013-01-07 15:55:16 -0800
Served asset /pages.js - 304 Not Modified (0ms)


Started GET "/pages/about" for 127.0.0.1 at 2013-01-09 14:23:26 -0800
Processing by PagesController#about as HTML
  Rendered pages/about.html.erb within layouts/application (1.7ms)
Completed 200 OK in 47ms (Views: 45.1ms | ActiveRecord: 0.0ms)


Started GET "/assets/application.css?body=1" for 127.0.0.1 at 2013-01-09 14:23:26 -0800
Served asset /application.css - 304 Not Modified (0ms)


Started GET "/assets/pages.css?body=1" for 127.0.0.1 at 2013-01-09 14:23:26 -0800
Served asset /pages.css - 304 Not Modified (0ms)


Started GET "/assets/jquery.js?body=1" for 127.0.0.1 at 2013-01-09 14:23:26 -0800
Served asset /jquery.js - 304 Not Modified (0ms)


Started GET "/assets/jquery_ujs.js?body=1" for 127.0.0.1 at 2013-01-09 14:23:26 -0800
Served asset /jquery_ujs.js - 304 Not Modified (0ms)


Started GET "/assets/pages.js?body=1" for 127.0.0.1 at 2013-01-09 14:23:26 -0800
Served asset /pages.js - 304 Not Modified (0ms)


Started GET "/assets/application.js?body=1" for 127.0.0.1 at 2013-01-09 14:23:26 -0800
Served asset /application.js - 304 Not Modified (0ms)


Started GET "/pages/about" for 127.0.0.1 at 2013-01-09 14:23:57 -0800
Processing by PagesController#about as HTML
  Rendered pages/about.html.erb within layouts/application (0.0ms)
Completed 200 OK in 5ms (Views: 4.5ms | ActiveRecord: 0.0ms)


Started GET "/assets/application.css?body=1" for 127.0.0.1 at 2013-01-09 14:23:57 -0800
Served asset /application.css - 304 Not Modified (0ms)


Started GET "/assets/pages.css?body=1" for 127.0.0.1 at 2013-01-09 14:23:57 -0800
Served asset /pages.css - 304 Not Modified (0ms)


Started GET "/assets/jquery_ujs.js?body=1" for 127.0.0.1 at 2013-01-09 14:23:57 -0800
Served asset /jquery_ujs.js - 304 Not Modified (0ms)


Started GET "/assets/application.js?body=1" for 127.0.0.1 at 2013-01-09 14:23:57 -0800
Served asset /application.js - 304 Not Modified (0ms)


Started GET "/assets/pages.js?body=1" for 127.0.0.1 at 2013-01-09 14:23:57 -0800
Served asset /pages.js - 304 Not Modified (0ms)


Started GET "/assets/jquery.js?body=1" for 127.0.0.1 at 2013-01-09 14:23:57 -0800
Served asset /jquery.js - 304 Not Modified (0ms)


Started GET "/pages/about" for 127.0.0.1 at 2013-01-09 14:23:59 -0800
Processing by PagesController#about as HTML
  Rendered pages/about.html.erb within layouts/application (0.0ms)
Completed 200 OK in 9ms (Views: 9.1ms | ActiveRecord: 0.0ms)


Started GET "/assets/pages.css?body=1" for 127.0.0.1 at 2013-01-09 14:23:59 -0800
Served asset /pages.css - 304 Not Modified (0ms)


Started GET "/assets/application.css?body=1" for 127.0.0.1 at 2013-01-09 14:23:59 -0800
Served asset /application.css - 304 Not Modified (0ms)


Started GET "/assets/jquery_ujs.js?body=1" for 127.0.0.1 at 2013-01-09 14:23:59 -0800
Served asset /jquery_ujs.js - 304 Not Modified (0ms)


Started GET "/assets/pages.js?body=1" for 127.0.0.1 at 2013-01-09 14:23:59 -0800
Served asset /pages.js - 304 Not Modified (0ms)


Started GET "/assets/application.js?body=1" for 127.0.0.1 at 2013-01-09 14:23:59 -0800
Served asset /application.js - 304 Not Modified (1ms)


Started GET "/assets/jquery.js?body=1" for 127.0.0.1 at 2013-01-09 14:23:59 -0800
Served asset /jquery.js - 304 Not Modified (0ms)


Started GET "/pages/about" for 127.0.0.1 at 2013-01-09 14:25:15 -0800
Processing by PagesController#about as HTML
  Rendered pages/about.html.erb within layouts/application (0.5ms)
Completed 200 OK in 7ms (Views: 6.5ms | ActiveRecord: 0.0ms)


Started GET "/assets/application.css?body=1" for 127.0.0.1 at 2013-01-09 14:25:15 -0800
Served asset /application.css - 304 Not Modified (0ms)


Started GET "/assets/pages.css?body=1" for 127.0.0.1 at 2013-01-09 14:25:15 -0800
Served asset /pages.css - 304 Not Modified (0ms)


Started GET "/assets/jquery_ujs.js?body=1" for 127.0.0.1 at 2013-01-09 14:25:15 -0800
Served asset /jquery_ujs.js - 304 Not Modified (0ms)


Started GET "/assets/pages.js?body=1" for 127.0.0.1 at 2013-01-09 14:25:15 -0800
Served asset /pages.js - 304 Not Modified (0ms)


Started GET "/assets/jquery.js?body=1" for 127.0.0.1 at 2013-01-09 14:25:15 -0800
Served asset /jquery.js - 304 Not Modified (0ms)


Started GET "/assets/application.js?body=1" for 127.0.0.1 at 2013-01-09 14:25:15 -0800
Served asset /application.js - 304 Not Modified (0ms)


Started GET "/pages/about" for 127.0.0.1 at 2013-01-09 14:25:17 -0800
Processing by PagesController#about as HTML
  Rendered pages/about.html.erb within layouts/application (0.0ms)
Completed 200 OK in 4ms (Views: 4.3ms | ActiveRecord: 0.0ms)


Started GET "/assets/application.css?body=1" for 127.0.0.1 at 2013-01-09 14:25:17 -0800
Served asset /application.css - 304 Not Modified (0ms)


Started GET "/assets/pages.css?body=1" for 127.0.0.1 at 2013-01-09 14:25:17 -0800
Served asset /pages.css - 304 Not Modified (0ms)


Started GET "/assets/jquery.js?body=1" for 127.0.0.1 at 2013-01-09 14:25:17 -0800
Served asset /jquery.js - 304 Not Modified (0ms)


Started GET "/assets/pages.js?body=1" for 127.0.0.1 at 2013-01-09 14:25:17 -0800
Served asset /pages.js - 304 Not Modified (0ms)


Started GET "/assets/jquery_ujs.js?body=1" for 127.0.0.1 at 2013-01-09 14:25:17 -0800
Served asset /jquery_ujs.js - 304 Not Modified (0ms)


Started GET "/assets/application.js?body=1" for 127.0.0.1 at 2013-01-09 14:25:17 -0800
Served asset /application.js - 304 Not Modified (0ms)


Started GET "/pages/about" for 127.0.0.1 at 2013-01-09 14:26:21 -0800
Processing by PagesController#about as HTML
  Rendered pages/about.html.erb within layouts/application (0.4ms)
Completed 200 OK in 6ms (Views: 4.7ms | ActiveRecord: 0.0ms)


Started GET "/assets/application.css?body=1" for 127.0.0.1 at 2013-01-09 14:26:21 -0800
Served asset /application.css - 304 Not Modified (0ms)


Started GET "/assets/jquery.js?body=1" for 127.0.0.1 at 2013-01-09 14:26:21 -0800
Served asset /jquery.js - 304 Not Modified (0ms)


Started GET "/assets/pages.js?body=1" for 127.0.0.1 at 2013-01-09 14:26:21 -0800
Served asset /pages.js - 304 Not Modified (0ms)


Started GET "/assets/jquery_ujs.js?body=1" for 127.0.0.1 at 2013-01-09 14:26:21 -0800
Served asset /jquery_ujs.js - 304 Not Modified (0ms)


Started GET "/assets/pages.css?body=1" for 127.0.0.1 at 2013-01-09 14:26:21 -0800
Served asset /pages.css - 304 Not Modified (0ms)


Started GET "/assets/application.js?body=1" for 127.0.0.1 at 2013-01-09 14:26:21 -0800
Served asset /application.js - 304 Not Modified (0ms)


Started GET "/pages/about" for 127.0.0.1 at 2013-01-11 15:23:01 -0800
Processing by PagesController#about as HTML
  Rendered pages/about.html.erb within layouts/application (0.4ms)
Completed 200 OK in 15ms (Views: 13.8ms | ActiveRecord: 0.0ms)


Started GET "/assets/application.css?body=1" for 127.0.0.1 at 2013-01-11 15:23:01 -0800
Served asset /application.css - 304 Not Modified (0ms)


Started GET "/assets/pages.css?body=1" for 127.0.0.1 at 2013-01-11 15:23:01 -0800
Served asset /pages.css - 304 Not Modified (0ms)


Started GET "/assets/jquery.js?body=1" for 127.0.0.1 at 2013-01-11 15:23:01 -0800
Served asset /jquery.js - 304 Not Modified (0ms)


Started GET "/assets/jquery_ujs.js?body=1" for 127.0.0.1 at 2013-01-11 15:23:01 -0800
Served asset /jquery_ujs.js - 304 Not Modified (0ms)


Started GET "/assets/pages.js?body=1" for 127.0.0.1 at 2013-01-11 15:23:01 -0800
Served asset /pages.js - 304 Not Modified (0ms)


Started GET "/assets/application.js?body=1" for 127.0.0.1 at 2013-01-11 15:23:01 -0800
Served asset /application.js - 304 Not Modified (0ms)


Started GET "/pages/about" for 127.0.0.1 at 2013-01-11 15:24:34 -0800
Processing by PagesController#about as HTML
  Rendered pages/about.html.erb within layouts/application (0.7ms)
Completed 200 OK in 8ms (Views: 8.0ms | ActiveRecord: 0.0ms)


Started GET "/assets/application.css?body=1" for 127.0.0.1 at 2013-01-11 15:24:34 -0800
Served asset /application.css - 304 Not Modified (0ms)


Started GET "/assets/pages.css?body=1" for 127.0.0.1 at 2013-01-11 15:24:34 -0800
Served asset /pages.css - 304 Not Modified (0ms)


Started GET "/assets/jquery_ujs.js?body=1" for 127.0.0.1 at 2013-01-11 15:24:34 -0800
Served asset /jquery_ujs.js - 304 Not Modified (0ms)


Started GET "/assets/jquery.js?body=1" for 127.0.0.1 at 2013-01-11 15:24:34 -0800
Served asset /jquery.js - 304 Not Modified (0ms)


Started GET "/assets/pages.js?body=1" for 127.0.0.1 at 2013-01-11 15:24:34 -0800
Served asset /pages.js - 304 Not Modified (0ms)


Started GET "/assets/application.js?body=1" for 127.0.0.1 at 2013-01-11 15:24:34 -0800
Served asset /application.js - 304 Not Modified (0ms)


Started GET "/pages/about" for 127.0.0.1 at 2013-01-11 15:26:58 -0800
Processing by PagesController#about as HTML
  Rendered pages/about.html.erb (0.0ms)
Completed 200 OK in 2ms (Views: 1.8ms | ActiveRecord: 0.0ms)


Started GET "/pages/home" for 127.0.0.1 at 2013-01-11 15:28:08 -0800
Processing by PagesController#home as HTML
  Rendered pages/home.html.erb (0.5ms)
Completed 200 OK in 3ms (Views: 2.8ms | ActiveRecord: 0.0ms)


Started GET "/pages/contact" for 127.0.0.1 at 2013-01-11 15:28:17 -0800
Processing by PagesController#contact as HTML
  Rendered pages/contact.html.erb (0.3ms)
Completed 200 OK in 2ms (Views: 1.8ms | ActiveRecord: 0.0ms)


Started GET "/pages/home" for 127.0.0.1 at 2013-01-11 15:38:17 -0800
Processing by PagesController#home as HTML
  Rendered pages/home.html.erb (2.3ms)
Completed 200 OK in 5ms (Views: 4.3ms | ActiveRecord: 0.0ms)


Started GET "/pages/contact" for 127.0.0.1 at 2013-01-11 15:40:07 -0800
Processing by PagesController#contact as HTML
  Rendered pages/contact.html.erb (0.4ms)
Completed 200 OK in 3ms (Views: 2.3ms | ActiveRecord: 0.0ms)


Started GET "/pages/contact" for 127.0.0.1 at 2013-01-11 15:46:48 -0800
Processing by PagesController#contact as HTML
  Rendered pages/contact.html.erb (0.4ms)
Completed 200 OK in 3ms (Views: 2.3ms | ActiveRecord: 0.0ms)


Started GET "/pages/contact" for 127.0.0.1 at 2013-01-11 15:47:17 -0800
Processing by PagesController#contact as HTML
  Rendered pages/contact.html.erb (0.0ms)
Completed 200 OK in 2ms (Views: 1.7ms | ActiveRecord: 0.0ms)


Started GET "/pages/contact" for 127.0.0.1 at 2013-01-11 15:48:19 -0800
Processing by PagesController#contact as HTML
  Rendered pages/contact.html.erb (0.3ms)
Completed 200 OK in 2ms (Views: 2.0ms | ActiveRecord: 0.0ms)


Started GET "/pages/contact" for 127.0.0.1 at 2013-01-11 15:48:20 -0800
Processing by PagesController#contact as HTML
  Rendered pages/contact.html.erb (0.0ms)
Completed 200 OK in 2ms (Views: 1.6ms | ActiveRecord: 0.0ms)


Started GET "/pages/contact" for 127.0.0.1 at 2013-01-11 15:48:21 -0800
Processing by PagesController#contact as HTML
  Rendered pages/contact.html.erb (0.0ms)
Completed 200 OK in 2ms (Views: 1.6ms | ActiveRecord: 0.0ms)


Started GET "/pages/home" for 127.0.0.1 at 2013-01-11 15:48:26 -0800
Processing by PagesController#home as HTML
  Rendered pages/home.html.erb (0.9ms)
Completed 200 OK in 5ms (Views: 3.2ms | ActiveRecord: 0.0ms)


Started GET "/pages/home" for 127.0.0.1 at 2013-01-11 16:34:13 -0800
Processing by PagesController#home as HTML
  Rendered pages/home.html.erb within layouts/application (0.3ms)
Completed 500 Internal Server Error in 51ms

ActionView::Template::Error (undefined local variable or method `title' for #<#<Class:0x007fddb5851368>:0x007fddb58738a0>):
    1: <!DOCTYPE>
    2: <html>
    3:   <head>
    4: 	  <title>Ruby on Rails Tutorial Sample App | <%= title %></title>
    5: 	  <%= csrf_meta_tag %>
    6:   </head>
    7:   <body>
  app/views/layouts/application.html.erb:4:in `_app_views_layouts_application_html_erb__3581124500257921475_70295105100680'


  Rendered /Users/thestereoscopics/.rvm/gems/ruby-1.9.3-p327/gems/actionpack-3.2.9/lib/action_dispatch/middleware/templates/rescues/_trace.erb (4.0ms)
  Rendered /Users/thestereoscopics/.rvm/gems/ruby-1.9.3-p327/gems/actionpack-3.2.9/lib/action_dispatch/middleware/templates/rescues/_request_and_response.erb (1.5ms)
  Rendered /Users/thestereoscopics/.rvm/gems/ruby-1.9.3-p327/gems/actionpack-3.2.9/lib/action_dispatch/middleware/templates/rescues/template_error.erb within rescues/layout (14.7ms)


Started GET "/pages/home" for 127.0.0.1 at 2013-01-11 16:37:54 -0800
Processing by PagesController#home as HTML
  Rendered pages/home.html.erb within layouts/application (0.1ms)
Completed 200 OK in 6ms (Views: 5.8ms | ActiveRecord: 0.0ms)


Started GET "/pages/contact" for 127.0.0.1 at 2013-01-11 16:38:03 -0800
Processing by PagesController#contact as HTML
  Rendered pages/contact.html.erb within layouts/application (0.3ms)
Completed 200 OK in 3ms (Views: 2.2ms | ActiveRecord: 0.0ms)


Started GET "/pages/about" for 127.0.0.1 at 2013-01-11 16:38:12 -0800
Processing by PagesController#about as HTML
  Rendered pages/about.html.erb within layouts/application (0.5ms)
Completed 200 OK in 3ms (Views: 2.9ms | ActiveRecord: 0.0ms)


Started GET "/pages/home" for 127.0.0.1 at 2013-01-16 11:52:22 -0800
Connecting to database specified by database.yml
Processing by PagesController#home as HTML
  Rendered pages/home.html.erb within layouts/application (2.1ms)
Completed 500 Internal Server Error in 38ms

ActionView::Template::Error (undefined local variable or method `title' for #<#<Class:0x007f97ed9b4060>:0x007f97edc45d88>):
    1: <!DOCTYPE>
    2: <html>
    3:   <head>
    4: 	  <title><%= title %></title>
    5: 	  <%= csrf_meta_tag %>
    6:   </head>
    7:   <body>
  app/views/layouts/application.html.erb:4:in `_app_views_layouts_application_html_erb__3462187920550256362_70145250784640'


  Rendered /Users/thestereoscopics/.rvm/gems/ruby-1.9.3-p327/gems/actionpack-3.2.9/lib/action_dispatch/middleware/templates/rescues/_trace.erb (1.2ms)
  Rendered /Users/thestereoscopics/.rvm/gems/ruby-1.9.3-p327/gems/actionpack-3.2.9/lib/action_dispatch/middleware/templates/rescues/_request_and_response.erb (0.9ms)
  Rendered /Users/thestereoscopics/.rvm/gems/ruby-1.9.3-p327/gems/actionpack-3.2.9/lib/action_dispatch/middleware/templates/rescues/template_error.erb within rescues/layout (10.6ms)


Started GET "/pages/home" for 127.0.0.1 at 2013-01-16 11:52:55 -0800
Processing by PagesController#home as HTML
  Rendered pages/home.html.erb within layouts/application (0.0ms)
Completed 500 Internal Server Error in 11ms

ActionView::Template::Error (undefined local variable or method `title' for #<#<Class:0x007f97ed9b4060>:0x007f97edc66830>):
    1: <!DOCTYPE>
    2: <html>
    3:   <head>
    4: 	  <title><%= title %></title>
    5: 	  <%= csrf_meta_tag %>
    6:   </head>
    7:   <body>
  app/views/layouts/application.html.erb:4:in `_app_views_layouts_application_html_erb__3462187920550256362_70145252470780'


  Rendered /Users/thestereoscopics/.rvm/gems/ruby-1.9.3-p327/gems/actionpack-3.2.9/lib/action_dispatch/middleware/templates/rescues/_trace.erb (1.3ms)
  Rendered /Users/thestereoscopics/.rvm/gems/ruby-1.9.3-p327/gems/actionpack-3.2.9/lib/action_dispatch/middleware/templates/rescues/_request_and_response.erb (1.4ms)
  Rendered /Users/thestereoscopics/.rvm/gems/ruby-1.9.3-p327/gems/actionpack-3.2.9/lib/action_dispatch/middleware/templates/rescues/template_error.erb within rescues/layout (9.1ms)


Started GET "/pages/contact" for 127.0.0.1 at 2013-01-16 11:53:01 -0800
Processing by PagesController#contact as HTML
  Rendered pages/contact.html.erb within layouts/application (0.4ms)
Completed 500 Internal Server Error in 8ms

ActionView::Template::Error (undefined local variable or method `title' for #<#<Class:0x007f97ed9b4060>:0x007f97ed8036a8>):
    1: <!DOCTYPE>
    2: <html>
    3:   <head>
    4: 	  <title><%= title %></title>
    5: 	  <%= csrf_meta_tag %>
    6:   </head>
    7:   <body>
  app/views/layouts/application.html.erb:4:in `_app_views_layouts_application_html_erb__3462187920550256362_70145252470780'


  Rendered /Users/thestereoscopics/.rvm/gems/ruby-1.9.3-p327/gems/actionpack-3.2.9/lib/action_dispatch/middleware/templates/rescues/_trace.erb (1.3ms)
  Rendered /Users/thestereoscopics/.rvm/gems/ruby-1.9.3-p327/gems/actionpack-3.2.9/lib/action_dispatch/middleware/templates/rescues/_request_and_response.erb (0.8ms)
  Rendered /Users/thestereoscopics/.rvm/gems/ruby-1.9.3-p327/gems/actionpack-3.2.9/lib/action_dispatch/middleware/templates/rescues/template_error.erb within rescues/layout (8.8ms)


Started GET "/pages/contact" for 127.0.0.1 at 2013-01-16 11:54:33 -0800
Connecting to database specified by database.yml
Processing by PagesController#contact as HTML
  Rendered pages/contact.html.erb within layouts/application (3.4ms)
Completed 500 Internal Server Error in 48ms

ActionView::Template::Error (undefined local variable or method `title' for #<#<Class:0x007f820c0326f0>:0x007f820c17a440>):
    1: <!DOCTYPE>
    2: <html>
    3:   <head>
    4: 	  <title><%= title %></title>
    5: 	  <%= csrf_meta_tag %>
    6:   </head>
    7:   <body>
  app/views/layouts/application.html.erb:4:in `_app_views_layouts_application_html_erb__2452753253400180511_70098263684300'


  Rendered /Users/thestereoscopics/.rvm/gems/ruby-1.9.3-p327/gems/actionpack-3.2.9/lib/action_dispatch/middleware/templates/rescues/_trace.erb (1.4ms)
  Rendered /Users/thestereoscopics/.rvm/gems/ruby-1.9.3-p327/gems/actionpack-3.2.9/lib/action_dispatch/middleware/templates/rescues/_request_and_response.erb (1.4ms)
  Rendered /Users/thestereoscopics/.rvm/gems/ruby-1.9.3-p327/gems/actionpack-3.2.9/lib/action_dispatch/middleware/templates/rescues/template_error.erb within rescues/layout (8.8ms)


Started GET "/pages/contact" for 127.0.0.1 at 2013-01-16 12:00:40 -0800
Processing by PagesController#contact as HTML
  Rendered pages/contact.html.erb within layouts/application (0.0ms)
Completed 500 Internal Server Error in 10ms

ActionView::Template::Error (undefined local variable or method `title' for #<#<Class:0x007f820c0326f0>:0x007f820afc0dd0>):
    1: <!DOCTYPE>
    2: <html>
    3:   <head>
    4: 	  <title><%= title %></title>
    5: 	  <%= csrf_meta_tag %>
    6:   </head>
    7:   <body>
  app/views/layouts/application.html.erb:4:in `_app_views_layouts_application_html_erb__2452753253400180511_70098252365460'


  Rendered /Users/thestereoscopics/.rvm/gems/ruby-1.9.3-p327/gems/actionpack-3.2.9/lib/action_dispatch/middleware/templates/rescues/_trace.erb (1.2ms)
  Rendered /Users/thestereoscopics/.rvm/gems/ruby-1.9.3-p327/gems/actionpack-3.2.9/lib/action_dispatch/middleware/templates/rescues/_request_and_response.erb (0.9ms)
  Rendered /Users/thestereoscopics/.rvm/gems/ruby-1.9.3-p327/gems/actionpack-3.2.9/lib/action_dispatch/middleware/templates/rescues/template_error.erb within rescues/layout (9.7ms)


Started GET "/pages/contact" for 127.0.0.1 at 2013-01-16 12:03:25 -0800
Processing by PagesController#contact as HTML
  Rendered pages/contact.html.erb within layouts/application (0.0ms)
Completed 200 OK in 3ms (Views: 2.4ms | ActiveRecord: 0.0ms)
